<?xml version="1.0" encoding="UTF-8"?>
<!-- Generated by org.testng.reporters.JUnitReportReporter -->
<testsuite skipped="0" hostname="C809070E5D73A7" name="com.selenium.po.FindFlights" tests="1" failures="0" timestamp="26 Jul 2018 17:08:42 GMT" time="5.420" errors="0">
  <testcase name="findFlights" time="5.420" classname="com.selenium.po.FindFlights"/>
</testsuite> <!-- com.selenium.po.FindFlights -->
